Change Physical Footprint: Designator=C1 Old Footprint=C 3.5mm New Footprint=C 3.5mm
Change Physical Footprint: Designator=C2 Old Footprint=C 3.5mm New Footprint=C 3.5mm
Change Physical Footprint: Designator=C3 Old Footprint=C 3.5mm New Footprint=C 3.5mm
Change Physical Footprint: Designator=C4 Old Footprint=C 3.5mm New Footprint=C 3.5mm
Change Physical Footprint: Designator=C5 Old Footprint=C 3.5mm New Footprint=C 3.5mm
Change Physical Footprint: Designator=C6 Old Footprint=C 3.5mm New Footprint=C 3.5mm
Change Physical Footprint: Designator=C7 Old Footprint=C 3.5mm New Footprint=C 3.5mm
Change Physical Footprint: Designator=C8 Old Footprint=C 3.5mm New Footprint=C 3.5mm
Change Physical Footprint: Designator=C9 Old Footprint=C 15mm New Footprint=C 15mm
Change Physical Footprint: Designator=C10 Old Footprint=C 10mm New Footprint=C 10mm
Change Physical Footprint: Designator=C11 Old Footprint=C 15mm New Footprint=C 15mm
Change Physical Footprint: Designator=C12 Old Footprint=C 10mm New Footprint=C 10mm
Change Physical Footprint: Designator=C13 Old Footprint=C 15mm New Footprint=C 15mm
Change Physical Footprint: Designator=C14 Old Footprint=C 3.5mm New Footprint=C 3.5mm
Change Physical Footprint: Designator=C15 Old Footprint=C 10mm New Footprint=C 10mm
Change Physical Footprint: Designator=C16 Old Footprint=C 15mm New Footprint=C 15mm
Change Physical Footprint: Designator=C17 Old Footprint=C 10mm New Footprint=C 10mm
Change Physical Footprint: Designator=C18 Old Footprint=C 15mm New Footprint=C 15mm
Change Physical Footprint: Designator=C19 Old Footprint=C 3.5mm New Footprint=C 3.5mm
Change Physical Footprint: Designator=C20 Old Footprint=C 10mm New Footprint=C 10mm
Change Physical Footprint: Designator=C21 Old Footprint=C 15mm New Footprint=C 15mm
Change Physical Footprint: Designator=C22 Old Footprint=C 10mm New Footprint=C 10mm
Change Physical Footprint: Designator=C23 Old Footprint=C 15mm New Footprint=C 15mm
Change Physical Footprint: Designator=C24 Old Footprint=C 3.5mm New Footprint=C 3.5mm
Change Physical Footprint: Designator=C25 Old Footprint=C 10mm New Footprint=C 10mm
Change Physical Footprint: Designator=C26 Old Footprint=C 15mm New Footprint=C 15mm
Change Physical Footprint: Designator=C27 Old Footprint=C 15mm New Footprint=C 15mm
Change Physical Footprint: Designator=C28 Old Footprint=C 10mm New Footprint=C 10mm
Change Physical Footprint: Designator=DA1 Old Footprint=TO-220 New Footprint=TO-220
Change Physical Footprint: Designator=DA2 Old Footprint=14-LEAD DIP New Footprint=14-LEAD DIP
Change Physical Footprint: Designator=DA4 Old Footprint=14-LEAD DIP New Footprint=14-LEAD DIP
Change Physical Footprint: Designator=DA5 Old Footprint=14-LEAD DIP New Footprint=14-LEAD DIP
Change Physical Footprint: Designator=DA6 Old Footprint=14-LEAD DIP New Footprint=14-LEAD DIP
Change Physical Footprint: Designator=DA7 Old Footprint=14-LEAD DIP New Footprint=14-LEAD DIP
Change Physical Footprint: Designator=DA8 Old Footprint=14-LEAD DIP New Footprint=14-LEAD DIP
Change Physical Footprint: Designator=DA9 Old Footprint=14-LEAD DIP New Footprint=14-LEAD DIP
Change Physical Footprint: Designator=R1 Old Footprint=R 10mm New Footprint=R 10mm
Change Physical Footprint: Designator=R2 Old Footprint=R 10mm New Footprint=R 10mm
Change Physical Footprint: Designator=R3 Old Footprint=R 10mm New Footprint=R 10mm
Change Physical Footprint: Designator=R4 Old Footprint=R 10mm New Footprint=R 10mm
Change Physical Footprint: Designator=R5 Old Footprint=R 10mm New Footprint=R 10mm
Change Physical Footprint: Designator=R6 Old Footprint=OFF BOARD RESISTOR New Footprint=OFF BOARD RESISTOR
Change Physical Footprint: Designator=R7 Old Footprint=R 10mm New Footprint=R 10mm
Change Physical Footprint: Designator=R8 Old Footprint=R 10mm New Footprint=R 10mm
Change Physical Footprint: Designator=R9 Old Footprint=R 10mm New Footprint=R 10mm
Change Physical Footprint: Designator=R10 Old Footprint=R 10mm New Footprint=R 10mm
Change Physical Footprint: Designator=R11 Old Footprint=R 10mm New Footprint=R 10mm
Change Physical Footprint: Designator=R12 Old Footprint=R 10mm New Footprint=R 10mm
Change Physical Footprint: Designator=R13 Old Footprint=R 10mm New Footprint=R 10mm
Change Physical Footprint: Designator=R14 Old Footprint=R 10mm New Footprint=R 10mm
Change Physical Footprint: Designator=R15 Old Footprint=R 10mm New Footprint=R 10mm
Change Physical Footprint: Designator=R16 Old Footprint=OFF BOARD RESISTOR New Footprint=OFF BOARD RESISTOR
Change Physical Footprint: Designator=R17 Old Footprint=R 10mm New Footprint=R 10mm
Change Physical Footprint: Designator=R18 Old Footprint=R 10mm New Footprint=R 10mm
Change Physical Footprint: Designator=R19 Old Footprint=R 10mm New Footprint=R 10mm
Change Physical Footprint: Designator=R20 Old Footprint=R 10mm New Footprint=R 10mm
Change Physical Footprint: Designator=R21 Old Footprint=R 10mm New Footprint=R 10mm
Change Physical Footprint: Designator=R22 Old Footprint=R 10mm New Footprint=R 10mm
Change Physical Footprint: Designator=R23 Old Footprint=R 10mm New Footprint=R 10mm
Change Physical Footprint: Designator=R24 Old Footprint=R 10mm New Footprint=R 10mm
Change Physical Footprint: Designator=R25 Old Footprint=R 10mm New Footprint=R 10mm
Change Physical Footprint: Designator=R26 Old Footprint=R 10mm New Footprint=R 10mm
Change Physical Footprint: Designator=R27 Old Footprint=R 10mm New Footprint=R 10mm
Change Physical Footprint: Designator=R28 Old Footprint=OFF BOARD RESISTOR New Footprint=OFF BOARD RESISTOR
Change Physical Footprint: Designator=R29 Old Footprint=R 10mm New Footprint=R 10mm
Change Physical Footprint: Designator=R30 Old Footprint=R 10mm New Footprint=R 10mm
Change Physical Footprint: Designator=R31 Old Footprint=R 10mm New Footprint=R 10mm
Change Physical Footprint: Designator=R32 Old Footprint=R 10mm New Footprint=R 10mm
Change Physical Footprint: Designator=R33 Old Footprint=R 10mm New Footprint=R 10mm
Change Physical Footprint: Designator=R34 Old Footprint=R 10mm New Footprint=R 10mm
Change Physical Footprint: Designator=R35 Old Footprint=R 10mm New Footprint=R 10mm
Change Physical Footprint: Designator=R36 Old Footprint=R 10mm New Footprint=R 10mm
Change Physical Footprint: Designator=R37 Old Footprint=R 10mm New Footprint=R 10mm
Change Physical Footprint: Designator=R38 Old Footprint=R 10mm New Footprint=R 10mm
Change Physical Footprint: Designator=R39 Old Footprint=R 10mm New Footprint=R 10mm
Change Physical Footprint: Designator=R40 Old Footprint=OFF BOARD RESISTOR New Footprint=OFF BOARD RESISTOR
Change Physical Footprint: Designator=R41 Old Footprint=R 10mm New Footprint=R 10mm
Change Physical Footprint: Designator=R42 Old Footprint=R 10mm New Footprint=R 10mm
Change Physical Footprint: Designator=R43 Old Footprint=R 10mm New Footprint=R 10mm
Change Physical Footprint: Designator=R44 Old Footprint=R 10mm New Footprint=R 10mm
Change Physical Footprint: Designator=R45 Old Footprint=R 10mm New Footprint=R 10mm
Change Physical Footprint: Designator=R46 Old Footprint=R 10mm New Footprint=R 10mm
Change Physical Footprint: Designator=R47 Old Footprint=R 10mm New Footprint=R 10mm
Change Physical Footprint: Designator=R48 Old Footprint=R 10mm New Footprint=R 10mm
Change Physical Footprint: Designator=R49 Old Footprint=R 10mm New Footprint=R 10mm
Change Physical Footprint: Designator=R50 Old Footprint=R 10mm New Footprint=R 10mm
Change Physical Footprint: Designator=R51 Old Footprint=R 10mm New Footprint=R 10mm
Change Physical Footprint: Designator=R52 Old Footprint=OFF BOARD RESISTOR New Footprint=OFF BOARD RESISTOR
Change Physical Footprint: Designator=R53 Old Footprint=R 10mm New Footprint=R 10mm
Change Physical Footprint: Designator=R54 Old Footprint=R 10mm New Footprint=R 10mm
Change Physical Footprint: Designator=R55 Old Footprint=R 10mm New Footprint=R 10mm
Change Physical Footprint: Designator=R56 Old Footprint=R 10mm New Footprint=R 10mm
Change Physical Footprint: Designator=R57 Old Footprint=R 10mm New Footprint=R 10mm
Change Physical Footprint: Designator=VT1 Old Footprint=KT-13 New Footprint=KT-13
Change Physical Footprint: Designator=VT2 Old Footprint=KT-27 New Footprint=KT-27
Change Physical Footprint: Designator=VT3 Old Footprint=KT-27 New Footprint=KT-27
Change Physical Footprint: Designator=VT4 Old Footprint=KT-27 New Footprint=KT-27
Change Physical Footprint: Designator=VT5 Old Footprint=KT-27 New Footprint=KT-27
Change Physical Footprint: Designator=VT6 Old Footprint=KT-27 New Footprint=KT-27
Change Physical Footprint: Designator=VT7 Old Footprint=KT-27 New Footprint=KT-27
Change Physical Footprint: Designator=VT8 Old Footprint=KT-27 New Footprint=KT-27
Change Physical Footprint: Designator=VT9 Old Footprint=KT-27 New Footprint=KT-27
Change Physical Footprint: Designator=X1 Old Footprint=ST-214N New Footprint=ST-214N
Change Physical Footprint: Designator=X2 Old Footprint=PLS-2 New Footprint=PLS-2
Change Physical Footprint: Designator=X3 Old Footprint=TP 1,4mm New Footprint=TP 1,4mm
Change Physical Footprint: Designator=X4 Old Footprint=TP 1,4mm New Footprint=TP 1,4mm
Change Physical Footprint: Designator=X5 Old Footprint=TP 1,4mm New Footprint=TP 1,4mm
Change Physical Footprint: Designator=X6 Old Footprint=TP 1,4mm New Footprint=TP 1,4mm
Change Physical Footprint: Designator=X7 Old Footprint=TP 1,4mm New Footprint=TP 1,4mm
Change Physical Footprint: Designator=X8 Old Footprint=TP 1,4mm New Footprint=TP 1,4mm
Change Physical Footprint: Designator=X9 Old Footprint=TP 1,4mm New Footprint=TP 1,4mm
Change Physical Footprint: Designator=X10 Old Footprint=TP 1,4mm New Footprint=TP 1,4mm
