Replace Symbol from C17 Capacitor in D:\Projects\LED_Music\Sheet2.SchDoc with Capacitor from lib.IntLib
Replace Symbol from C18 Capacitor Pol in D:\Projects\LED_Music\Sheet2.SchDoc with Capacitor Pol from lib.IntLib
Replace Symbol from C19 Capacitor in D:\Projects\LED_Music\Sheet2.SchDoc with Capacitor from lib.IntLib
Replace Symbol from C20 Capacitor in D:\Projects\LED_Music\Sheet2.SchDoc with Capacitor from lib.IntLib
Replace Symbol from C21 Capacitor in D:\Projects\LED_Music\Sheet2.SchDoc with Capacitor from lib.IntLib
Replace Symbol from C22 Capacitor in D:\Projects\LED_Music\Sheet2.SchDoc with Capacitor from lib.IntLib
Replace Symbol from C23 Capacitor Pol in D:\Projects\LED_Music\Sheet2.SchDoc with Capacitor Pol from lib.IntLib
Replace Symbol from C24 Capacitor in D:\Projects\LED_Music\Sheet2.SchDoc with Capacitor from lib.IntLib
Replace Symbol from C25 Capacitor in D:\Projects\LED_Music\Sheet2.SchDoc with Capacitor from lib.IntLib
Replace Symbol from C26 Capacitor in D:\Projects\LED_Music\Sheet2.SchDoc with Capacitor from lib.IntLib
Replace Symbol from C27 Capacitor in D:\Projects\LED_Music\Sheet2.SchDoc with Capacitor from lib.IntLib
Replace Symbol from DA7 Ê157ÄÀ1 in D:\Projects\LED_Music\Sheet2.SchDoc with Ê157ÄÀ1 from lib.IntLib
Replace Symbol from DA7 Ê157ÄÀ1 in D:\Projects\LED_Music\Sheet2.SchDoc with Ê157ÄÀ1 from lib.IntLib
Replace Symbol from DA8 LM339N in D:\Projects\LED_Music\Sheet2.SchDoc with LM339N from lib.IntLib
Replace Symbol from DA8 LM339N in D:\Projects\LED_Music\Sheet2.SchDoc with LM339N from lib.IntLib
Replace Symbol from DA8 LM339N in D:\Projects\LED_Music\Sheet2.SchDoc with LM339N from lib.IntLib
Replace Symbol from DA8 LM339N in D:\Projects\LED_Music\Sheet2.SchDoc with LM339N from lib.IntLib
Replace Symbol from DA9 Ê157ÓÄ2 in D:\Projects\LED_Music\Sheet2.SchDoc with Ê157ÓÄ2 from lib.IntLib
Replace Symbol from DA9 Ê157ÓÄ2 in D:\Projects\LED_Music\Sheet2.SchDoc with Ê157ÓÄ2 from lib.IntLib
Replace Symbol from R35 Resistor in D:\Projects\LED_Music\Sheet2.SchDoc with Resistor from lib.IntLib
Replace Symbol from R36 Resistor in D:\Projects\LED_Music\Sheet2.SchDoc with Resistor from lib.IntLib
Replace Symbol from R37 Resistor in D:\Projects\LED_Music\Sheet2.SchDoc with Resistor from lib.IntLib
Replace Symbol from R38 Resistor in D:\Projects\LED_Music\Sheet2.SchDoc with Resistor from lib.IntLib
Replace Symbol from R39 Resistor in D:\Projects\LED_Music\Sheet2.SchDoc with Resistor from lib.IntLib
Replace Symbol from R40 ResistorVar in D:\Projects\LED_Music\Sheet2.SchDoc with ResistorVar from lib.IntLib
Replace Symbol from R41 Resistor in D:\Projects\LED_Music\Sheet2.SchDoc with Resistor from lib.IntLib
Replace Symbol from R42 Resistor in D:\Projects\LED_Music\Sheet2.SchDoc with Resistor from lib.IntLib
Replace Symbol from R43 Resistor in D:\Projects\LED_Music\Sheet2.SchDoc with Resistor from lib.IntLib
Replace Symbol from R44 Resistor in D:\Projects\LED_Music\Sheet2.SchDoc with Resistor from lib.IntLib
Replace Symbol from R45 Resistor in D:\Projects\LED_Music\Sheet2.SchDoc with Resistor from lib.IntLib
Replace Symbol from R46 Resistor in D:\Projects\LED_Music\Sheet2.SchDoc with Resistor from lib.IntLib
Replace Symbol from R47 Resistor in D:\Projects\LED_Music\Sheet2.SchDoc with Resistor from lib.IntLib
Replace Symbol from R48 Resistor in D:\Projects\LED_Music\Sheet2.SchDoc with Resistor from lib.IntLib
Replace Symbol from R49 Resistor in D:\Projects\LED_Music\Sheet2.SchDoc with Resistor from lib.IntLib
Replace Symbol from R50 Resistor in D:\Projects\LED_Music\Sheet2.SchDoc with Resistor from lib.IntLib
Replace Symbol from R51 Resistor in D:\Projects\LED_Music\Sheet2.SchDoc with Resistor from lib.IntLib
Replace Symbol from R52 ResistorVar in D:\Projects\LED_Music\Sheet2.SchDoc with ResistorVar from lib.IntLib
Replace Symbol from R53 Resistor in D:\Projects\LED_Music\Sheet2.SchDoc with Resistor from lib.IntLib
Replace Symbol from R54 Resistor in D:\Projects\LED_Music\Sheet2.SchDoc with Resistor from lib.IntLib
Replace Symbol from R55 Resistor in D:\Projects\LED_Music\Sheet2.SchDoc with Resistor from lib.IntLib
Replace Symbol from R56 Resistor in D:\Projects\LED_Music\Sheet2.SchDoc with Resistor from lib.IntLib
Replace Symbol from R57 Resistor in D:\Projects\LED_Music\Sheet2.SchDoc with Resistor from lib.IntLib
Replace Symbol from VT6 NPN in D:\Projects\LED_Music\Sheet2.SchDoc with NPN from lib.IntLib
Replace Symbol from VT7 NPN in D:\Projects\LED_Music\Sheet2.SchDoc with NPN from lib.IntLib
Replace Symbol from VT8 NPN in D:\Projects\LED_Music\Sheet2.SchDoc with NPN from lib.IntLib
Replace Symbol from VT9 NPN in D:\Projects\LED_Music\Sheet2.SchDoc with NPN from lib.IntLib
Replace Symbol from X7 TP in D:\Projects\LED_Music\Sheet2.SchDoc with TP from lib.IntLib
Replace Symbol from X8 TP in D:\Projects\LED_Music\Sheet2.SchDoc with TP from lib.IntLib
Replace Symbol from X9 TP in D:\Projects\LED_Music\Sheet2.SchDoc with TP from lib.IntLib
Replace Symbol from X10 TP in D:\Projects\LED_Music\Sheet2.SchDoc with TP from lib.IntLib
