Replace Symbol from 1 Capacitor Pol in D:\Projects\LED_Music\Sheet1.SchDoc with Capacitor Pol from lib.IntLib
Replace Symbol from C1 Capacitor Pol in D:\Projects\LED_Music\Sheet1.SchDoc with Capacitor Pol from lib.IntLib
Replace Symbol from C3 Capacitor Pol in D:\Projects\LED_Music\Sheet1.SchDoc with Capacitor Pol from lib.IntLib
Replace Symbol from C4 Capacitor Pol in D:\Projects\LED_Music\Sheet1.SchDoc with Capacitor Pol from lib.IntLib
Replace Symbol from C5 Capacitor Pol in D:\Projects\LED_Music\Sheet1.SchDoc with Capacitor Pol from lib.IntLib
Replace Symbol from C6 Capacitor Pol in D:\Projects\LED_Music\Sheet1.SchDoc with Capacitor Pol from lib.IntLib
Replace Symbol from C7 Capacitor Pol in D:\Projects\LED_Music\Sheet1.SchDoc with Capacitor Pol from lib.IntLib
Replace Symbol from C8 Capacitor in D:\Projects\LED_Music\Sheet1.SchDoc with Capacitor from lib.IntLib
Replace Symbol from C9 Capacitor in D:\Projects\LED_Music\Sheet1.SchDoc with Capacitor from lib.IntLib
Replace Symbol from C10 Capacitor in D:\Projects\LED_Music\Sheet1.SchDoc with Capacitor from lib.IntLib
Replace Symbol from C11 Capacitor in D:\Projects\LED_Music\Sheet1.SchDoc with Capacitor from lib.IntLib
Replace Symbol from C12 Capacitor in D:\Projects\LED_Music\Sheet1.SchDoc with Capacitor from lib.IntLib
Replace Symbol from DA1 KREN 5A in D:\Projects\LED_Music\Sheet1.SchDoc with KREN 5A from lib.IntLib
Replace Symbol from DA2 Ê155ËÀ3 in D:\Projects\LED_Music\Sheet1.SchDoc with Ê155ËÀ3 from lib.IntLib
Replace Symbol from DA2 Ê155ËÀ3 in D:\Projects\LED_Music\Sheet1.SchDoc with Ê155ËÀ3 from lib.IntLib
Replace Symbol from DA2 Ê155ËÀ3 in D:\Projects\LED_Music\Sheet1.SchDoc with Ê155ËÀ3 from lib.IntLib
Replace Symbol from DA3 Ê140ÓÄ1 in D:\Projects\LED_Music\Sheet1.SchDoc with Ê140ÓÄ1 from lib.IntLib
Replace Symbol from DA4 Ê157ÄÀ1 in D:\Projects\LED_Music\Sheet1.SchDoc with Ê157ÄÀ1 from lib.IntLib
Replace Symbol from DA5 LM339N in D:\Projects\LED_Music\Sheet1.SchDoc with LM339N from lib.IntLib
Replace Symbol from DA5 LM339N in D:\Projects\LED_Music\Sheet1.SchDoc with LM339N from lib.IntLib
Replace Symbol from DA6 Ê157ÓÄ2 in D:\Projects\LED_Music\Sheet1.SchDoc with Ê157ÓÄ2 from lib.IntLib
Replace Symbol from R1 Resistor in D:\Projects\LED_Music\Sheet1.SchDoc with Resistor from lib.IntLib
Replace Symbol from R2 Resistor in D:\Projects\LED_Music\Sheet1.SchDoc with Resistor from lib.IntLib
Replace Symbol from R3 Resistor in D:\Projects\LED_Music\Sheet1.SchDoc with Resistor from lib.IntLib
Replace Symbol from R4 Resistor in D:\Projects\LED_Music\Sheet1.SchDoc with Resistor from lib.IntLib
Replace Symbol from R5 ResistorVar in D:\Projects\LED_Music\Sheet1.SchDoc with ResistorVar from lib.IntLib
Replace Symbol from R6 Resistor in D:\Projects\LED_Music\Sheet1.SchDoc with Resistor from lib.IntLib
Replace Symbol from R7 Resistor in D:\Projects\LED_Music\Sheet1.SchDoc with Resistor from lib.IntLib
Replace Symbol from R8 Resistor in D:\Projects\LED_Music\Sheet1.SchDoc with Resistor from lib.IntLib
Replace Symbol from R9 Resistor in D:\Projects\LED_Music\Sheet1.SchDoc with Resistor from lib.IntLib
Replace Symbol from R10 Resistor in D:\Projects\LED_Music\Sheet1.SchDoc with Resistor from lib.IntLib
Replace Symbol from R11 Resistor in D:\Projects\LED_Music\Sheet1.SchDoc with Resistor from lib.IntLib
Replace Symbol from R12 Resistor in D:\Projects\LED_Music\Sheet1.SchDoc with Resistor from lib.IntLib
Replace Symbol from R13 Resistor in D:\Projects\LED_Music\Sheet1.SchDoc with Resistor from lib.IntLib
Replace Symbol from R14 Resistor in D:\Projects\LED_Music\Sheet1.SchDoc with Resistor from lib.IntLib
Replace Symbol from R15 Resistor in D:\Projects\LED_Music\Sheet1.SchDoc with Resistor from lib.IntLib
Replace Symbol from R16 ResistorVar in D:\Projects\LED_Music\Sheet1.SchDoc with ResistorVar from lib.IntLib
Replace Symbol from R17 Resistor in D:\Projects\LED_Music\Sheet1.SchDoc with Resistor from lib.IntLib
Replace Symbol from R18 Resistor in D:\Projects\LED_Music\Sheet1.SchDoc with Resistor from lib.IntLib
Replace Symbol from R19 Resistor in D:\Projects\LED_Music\Sheet1.SchDoc with Resistor from lib.IntLib
Replace Symbol from R20 Resistor in D:\Projects\LED_Music\Sheet1.SchDoc with Resistor from lib.IntLib
Replace Symbol from R21 Resistor in D:\Projects\LED_Music\Sheet1.SchDoc with Resistor from lib.IntLib
Replace Symbol from R22 Resistor in D:\Projects\LED_Music\Sheet1.SchDoc with Resistor from lib.IntLib
Replace Symbol from R23 Resistor in D:\Projects\LED_Music\Sheet1.SchDoc with Resistor from lib.IntLib
Replace Symbol from VT1 NPN in D:\Projects\LED_Music\Sheet1.SchDoc with NPN from lib.IntLib
Replace Symbol from VT2 NPN in D:\Projects\LED_Music\Sheet1.SchDoc with NPN from lib.IntLib
Replace Symbol from VT3 NPN in D:\Projects\LED_Music\Sheet1.SchDoc with NPN from lib.IntLib
Replace Symbol from X1 TP in D:\Projects\LED_Music\Sheet1.SchDoc with TP from lib.IntLib
Replace Symbol from X2 TP in D:\Projects\LED_Music\Sheet1.SchDoc with TP from lib.IntLib
Replace Symbol from X3 TP in D:\Projects\LED_Music\Sheet1.SchDoc with TP from lib.IntLib
Replace Symbol from X4 TP in D:\Projects\LED_Music\Sheet1.SchDoc with TP from lib.IntLib
