Change Component Parameter Comment in DA? Old= New==value
Change Component Parameter Comment in DA? Old= New==value
Change Component Parameter Comment in DA? Old= New==value
Change Component Parameter Comment in DA? Old= New==value
Change Component Parameter Comment in VT? Old= New==value
Change Component Parameter Comment in VT? Old= New==value
Change Component Parameter Comment in X? Old= New=
Change Component Parameter Comment in X? Old= New=
Change Component Parameter Comment in X? Old= New=
Added Parameter value= 155À¿3 to Part DA?
Added Parameter value= 155À¿3 to Part DA?
Added Parameter value= 155À¿3 to Part DA?
Replace Symbol from DA?  140”ƒ1 in D:\Projects\LED_Music\Sheet1.SchDoc with  140”ƒ1 from lib.IntLib
Replace Symbol from DA?  155À¿3 in D:\Projects\LED_Music\Sheet1.SchDoc with  155À¿3 from lib.IntLib
Replace Symbol from DA?  155À¿3 in D:\Projects\LED_Music\Sheet1.SchDoc with  155À¿3 from lib.IntLib
Replace Symbol from DA?  155À¿3 in D:\Projects\LED_Music\Sheet1.SchDoc with  155À¿3 from lib.IntLib
Replace Symbol from VT? NPN in D:\Projects\LED_Music\Sheet1.SchDoc with NPN from lib.IntLib
Replace Symbol from VT? NPN in D:\Projects\LED_Music\Sheet1.SchDoc with NPN from lib.IntLib
Replace Symbol from X? TP in D:\Projects\LED_Music\Sheet1.SchDoc with TP from lib.IntLib
Replace Symbol from X? TP in D:\Projects\LED_Music\Sheet1.SchDoc with TP from lib.IntLib
Replace Symbol from X? TP in D:\Projects\LED_Music\Sheet1.SchDoc with TP from lib.IntLib
